CRITICAL - 2020-10-10 10:08:27 --> Invalid file: about.php
#0 C:\xampp\htdocs\rekweb2020_183040035_ci4app\ci4app\vendor\codeigniter4\framework\system\View\View.php(228): CodeIgniter\Exceptions\FrameworkException::forInvalidFile('about.php')
#1 C:\xampp\htdocs\rekweb2020_183040035_ci4app\ci4app\vendor\codeigniter4\framework\system\Common.php(1119): CodeIgniter\View\View->render('about', Array, true)
#2 C:\xampp\htdocs\rekweb2020_183040035_ci4app\ci4app\app\Controllers\Pages.php(14): view('about')
#3 C:\xampp\htdocs\rekweb2020_183040035_ci4app\ci4app\vendor\codeigniter4\framework\system\CodeIgniter.php(918): App\Controllers\Pages->about()
#4 C:\xampp\htdocs\rekweb2020_183040035_ci4app\ci4app\vendor\codeigniter4\framework\system\CodeIgniter.php(404): CodeIgniter\CodeIgniter->runController(Object(App\Controllers\Pages))
#5 C:\xampp\htdocs\rekweb2020_183040035_ci4app\ci4app\vendor\codeigniter4\framework\system\CodeIgniter.php(312): CodeIgniter\CodeIgniter->handleRequest(NULL, Object(Config\Cache), false)
#6 C:\xampp\htdocs\rekweb2020_183040035_ci4app\ci4app\public\index.php(45): CodeIgniter\CodeIgniter->run()
#7 C:\xampp\htdocs\rekweb2020_183040035_ci4app\ci4app\vendor\codeigniter4\framework\system\Commands\Server\rewrite.php(34): require_once('C:\\xampp\\htdocs...')
#8 {main}
CRITICAL - 2020-10-10 10:18:54 --> Undefined variable: title
#0 C:\xampp\htdocs\rekweb2020_183040035_ci4app\ci4app\app\Views\layout\header.php(12): CodeIgniter\Debug\Exceptions->errorHandler(8, 'Undefined varia...', 'C:\\xampp\\htdocs...', 12, Array)
#1 C:\xampp\htdocs\rekweb2020_183040035_ci4app\ci4app\vendor\codeigniter4\framework\system\View\View.php(246): include('C:\\xampp\\htdocs...')
#2 C:\xampp\htdocs\rekweb2020_183040035_ci4app\ci4app\vendor\codeigniter4\framework\system\Common.php(1119): CodeIgniter\View\View->render('layout/header', Array, true)
#3 C:\xampp\htdocs\rekweb2020_183040035_ci4app\ci4app\app\Controllers\Pages.php(19): view('layout/header')
#4 C:\xampp\htdocs\rekweb2020_183040035_ci4app\ci4app\vendor\codeigniter4\framework\system\CodeIgniter.php(918): App\Controllers\Pages->about()
#5 C:\xampp\htdocs\rekweb2020_183040035_ci4app\ci4app\vendor\codeigniter4\framework\system\CodeIgniter.php(404): CodeIgniter\CodeIgniter->runController(Object(App\Controllers\Pages))
#6 C:\xampp\htdocs\rekweb2020_183040035_ci4app\ci4app\vendor\codeigniter4\framework\system\CodeIgniter.php(312): CodeIgniter\CodeIgniter->handleRequest(NULL, Object(Config\Cache), false)
#7 C:\xampp\htdocs\rekweb2020_183040035_ci4app\ci4app\public\index.php(45): CodeIgniter\CodeIgniter->run()
#8 C:\xampp\htdocs\rekweb2020_183040035_ci4app\ci4app\vendor\codeigniter4\framework\system\Commands\Server\rewrite.php(34): require_once('C:\\xampp\\htdocs...')
#9 {main}
CRITICAL - 2020-10-10 10:19:13 --> syntax error, unexpected '$data' (T_VARIABLE), expecting ')'
#0 C:\xampp\htdocs\rekweb2020_183040035_ci4app\ci4app\vendor\codeigniter4\framework\system\Router\Router.php(195): CodeIgniter\Router\Router->autoRoute('pages/about')
#1 C:\xampp\htdocs\rekweb2020_183040035_ci4app\ci4app\vendor\codeigniter4\framework\system\CodeIgniter.php(793): CodeIgniter\Router\Router->handle('pages/about')
#2 C:\xampp\htdocs\rekweb2020_183040035_ci4app\ci4app\vendor\codeigniter4\framework\system\CodeIgniter.php(364): CodeIgniter\CodeIgniter->tryToRouteIt(Object(CodeIgniter\Router\RouteCollection))
#3 C:\xampp\htdocs\rekweb2020_183040035_ci4app\ci4app\vendor\codeigniter4\framework\system\CodeIgniter.php(312): CodeIgniter\CodeIgniter->handleRequest(NULL, Object(Config\Cache), false)
#4 C:\xampp\htdocs\rekweb2020_183040035_ci4app\ci4app\public\index.php(45): CodeIgniter\CodeIgniter->run()
#5 C:\xampp\htdocs\rekweb2020_183040035_ci4app\ci4app\vendor\codeigniter4\framework\system\Commands\Server\rewrite.php(34): require_once('C:\\xampp\\htdocs...')
#6 {main}
CRITICAL - 2020-10-10 10:19:15 --> syntax error, unexpected '$data' (T_VARIABLE), expecting ')'
#0 C:\xampp\htdocs\rekweb2020_183040035_ci4app\ci4app\vendor\codeigniter4\framework\system\Autoloader\Autoloader.php(296): CodeIgniter\Autoloader\Autoloader->requireFile('C:\\xampp\\htdocs...')
#1 C:\xampp\htdocs\rekweb2020_183040035_ci4app\ci4app\vendor\codeigniter4\framework\system\Autoloader\Autoloader.php(258): CodeIgniter\Autoloader\Autoloader->loadInNamespace('App\\Controllers...')
#2 [internal function]: CodeIgniter\Autoloader\Autoloader->loadClass('App\\Controllers...')
#3 [internal function]: spl_autoload_call('App\\Controllers...')
#4 C:\xampp\htdocs\rekweb2020_183040035_ci4app\ci4app\vendor\codeigniter4\framework\system\CodeIgniter.php(869): class_exists('\\App\\Controller...', true)
#5 C:\xampp\htdocs\rekweb2020_183040035_ci4app\ci4app\vendor\codeigniter4\framework\system\CodeIgniter.php(394): CodeIgniter\CodeIgniter->startController()
#6 C:\xampp\htdocs\rekweb2020_183040035_ci4app\ci4app\vendor\codeigniter4\framework\system\CodeIgniter.php(312): CodeIgniter\CodeIgniter->handleRequest(NULL, Object(Config\Cache), false)
#7 C:\xampp\htdocs\rekweb2020_183040035_ci4app\ci4app\public\index.php(45): CodeIgniter\CodeIgniter->run()
#8 C:\xampp\htdocs\rekweb2020_183040035_ci4app\ci4app\vendor\codeigniter4\framework\system\Commands\Server\rewrite.php(34): require_once('C:\\xampp\\htdocs...')
#9 {main}
CRITICAL - 2020-10-10 10:20:20 --> Undefined variable: tes
#0 C:\xampp\htdocs\rekweb2020_183040035_ci4app\ci4app\app\Views\pages\home.php(6): CodeIgniter\Debug\Exceptions->errorHandler(8, 'Undefined varia...', 'C:\\xampp\\htdocs...', 6, Array)
#1 C:\xampp\htdocs\rekweb2020_183040035_ci4app\ci4app\vendor\codeigniter4\framework\system\View\View.php(246): include('C:\\xampp\\htdocs...')
#2 C:\xampp\htdocs\rekweb2020_183040035_ci4app\ci4app\vendor\codeigniter4\framework\system\Common.php(1119): CodeIgniter\View\View->render('pages/home', Array, true)
#3 C:\xampp\htdocs\rekweb2020_183040035_ci4app\ci4app\app\Controllers\Pages.php(13): view('pages/home')
#4 C:\xampp\htdocs\rekweb2020_183040035_ci4app\ci4app\vendor\codeigniter4\framework\system\CodeIgniter.php(918): App\Controllers\Pages->index()
#5 C:\xampp\htdocs\rekweb2020_183040035_ci4app\ci4app\vendor\codeigniter4\framework\system\CodeIgniter.php(404): CodeIgniter\CodeIgniter->runController(Object(App\Controllers\Pages))
#6 C:\xampp\htdocs\rekweb2020_183040035_ci4app\ci4app\vendor\codeigniter4\framework\system\CodeIgniter.php(312): CodeIgniter\CodeIgniter->handleRequest(NULL, Object(Config\Cache), false)
#7 C:\xampp\htdocs\rekweb2020_183040035_ci4app\ci4app\public\index.php(45): CodeIgniter\CodeIgniter->run()
#8 C:\xampp\htdocs\rekweb2020_183040035_ci4app\ci4app\vendor\codeigniter4\framework\system\Commands\Server\rewrite.php(34): require_once('C:\\xampp\\htdocs...')
#9 {main}
CRITICAL - 2020-10-10 10:27:37 --> Invalid file: pages/contact.php
#0 C:\xampp\htdocs\rekweb2020_183040035_ci4app\ci4app\vendor\codeigniter4\framework\system\View\View.php(228): CodeIgniter\Exceptions\FrameworkException::forInvalidFile('pages/contact.p...')
#1 C:\xampp\htdocs\rekweb2020_183040035_ci4app\ci4app\vendor\codeigniter4\framework\system\Common.php(1119): CodeIgniter\View\View->render('pages/contact', Array, true)
#2 C:\xampp\htdocs\rekweb2020_183040035_ci4app\ci4app\app\Controllers\Pages.php(28): view('pages/contact', Array)
#3 C:\xampp\htdocs\rekweb2020_183040035_ci4app\ci4app\vendor\codeigniter4\framework\system\CodeIgniter.php(918): App\Controllers\Pages->contact()
#4 C:\xampp\htdocs\rekweb2020_183040035_ci4app\ci4app\vendor\codeigniter4\framework\system\CodeIgniter.php(404): CodeIgniter\CodeIgniter->runController(Object(App\Controllers\Pages))
#5 C:\xampp\htdocs\rekweb2020_183040035_ci4app\ci4app\vendor\codeigniter4\framework\system\CodeIgniter.php(312): CodeIgniter\CodeIgniter->handleRequest(NULL, Object(Config\Cache), false)
#6 C:\xampp\htdocs\rekweb2020_183040035_ci4app\ci4app\public\index.php(45): CodeIgniter\CodeIgniter->run()
#7 C:\xampp\htdocs\rekweb2020_183040035_ci4app\ci4app\vendor\codeigniter4\framework\system\Commands\Server\rewrite.php(34): require_once('C:\\xampp\\htdocs...')
#8 {main}
CRITICAL - 2020-10-10 10:29:10 --> Call to undefined method CodeIgniter\View\View::extext()
#0 C:\xampp\htdocs\rekweb2020_183040035_ci4app\ci4app\vendor\codeigniter4\framework\system\View\View.php(246): include()
#1 C:\xampp\htdocs\rekweb2020_183040035_ci4app\ci4app\vendor\codeigniter4\framework\system\Common.php(1119): CodeIgniter\View\View->render('pages/contact', Array, true)
#2 C:\xampp\htdocs\rekweb2020_183040035_ci4app\ci4app\app\Controllers\Pages.php(28): view('pages/contact', Array)
#3 C:\xampp\htdocs\rekweb2020_183040035_ci4app\ci4app\vendor\codeigniter4\framework\system\CodeIgniter.php(918): App\Controllers\Pages->contact()
#4 C:\xampp\htdocs\rekweb2020_183040035_ci4app\ci4app\vendor\codeigniter4\framework\system\CodeIgniter.php(404): CodeIgniter\CodeIgniter->runController(Object(App\Controllers\Pages))
#5 C:\xampp\htdocs\rekweb2020_183040035_ci4app\ci4app\vendor\codeigniter4\framework\system\CodeIgniter.php(312): CodeIgniter\CodeIgniter->handleRequest(NULL, Object(Config\Cache), false)
#6 C:\xampp\htdocs\rekweb2020_183040035_ci4app\ci4app\public\index.php(45): CodeIgniter\CodeIgniter->run()
#7 C:\xampp\htdocs\rekweb2020_183040035_ci4app\ci4app\vendor\codeigniter4\framework\system\Commands\Server\rewrite.php(34): require_once('C:\\xampp\\htdocs...')
#8 {main}
CRITICAL - 2020-10-10 10:29:19 --> Undefined variable: endSection
#0 C:\xampp\htdocs\rekweb2020_183040035_ci4app\ci4app\app\Views\pages\contact.php(11): CodeIgniter\Debug\Exceptions->errorHandler(8, 'Undefined varia...', 'C:\\xampp\\htdocs...', 11, Array)
#1 C:\xampp\htdocs\rekweb2020_183040035_ci4app\ci4app\vendor\codeigniter4\framework\system\View\View.php(246): include('C:\\xampp\\htdocs...')
#2 C:\xampp\htdocs\rekweb2020_183040035_ci4app\ci4app\vendor\codeigniter4\framework\system\Common.php(1119): CodeIgniter\View\View->render('pages/contact', Array, true)
#3 C:\xampp\htdocs\rekweb2020_183040035_ci4app\ci4app\app\Controllers\Pages.php(28): view('pages/contact', Array)
#4 C:\xampp\htdocs\rekweb2020_183040035_ci4app\ci4app\vendor\codeigniter4\framework\system\CodeIgniter.php(918): App\Controllers\Pages->contact()
#5 C:\xampp\htdocs\rekweb2020_183040035_ci4app\ci4app\vendor\codeigniter4\framework\system\CodeIgniter.php(404): CodeIgniter\CodeIgniter->runController(Object(App\Controllers\Pages))
#6 C:\xampp\htdocs\rekweb2020_183040035_ci4app\ci4app\vendor\codeigniter4\framework\system\CodeIgniter.php(312): CodeIgniter\CodeIgniter->handleRequest(NULL, Object(Config\Cache), false)
#7 C:\xampp\htdocs\rekweb2020_183040035_ci4app\ci4app\public\index.php(45): CodeIgniter\CodeIgniter->run()
#8 C:\xampp\htdocs\rekweb2020_183040035_ci4app\ci4app\vendor\codeigniter4\framework\system\Commands\Server\rewrite.php(34): require_once('C:\\xampp\\htdocs...')
#9 {main}
CRITICAL - 2020-10-10 10:29:37 --> Undefined variable: endSection
#0 C:\xampp\htdocs\rekweb2020_183040035_ci4app\ci4app\app\Views\pages\contact.php(11): CodeIgniter\Debug\Exceptions->errorHandler(8, 'Undefined varia...', 'C:\\xampp\\htdocs...', 11, Array)
#1 C:\xampp\htdocs\rekweb2020_183040035_ci4app\ci4app\vendor\codeigniter4\framework\system\View\View.php(246): include('C:\\xampp\\htdocs...')
#2 C:\xampp\htdocs\rekweb2020_183040035_ci4app\ci4app\vendor\codeigniter4\framework\system\Common.php(1119): CodeIgniter\View\View->render('pages/contact', Array, true)
#3 C:\xampp\htdocs\rekweb2020_183040035_ci4app\ci4app\app\Controllers\Pages.php(28): view('pages/contact', Array)
#4 C:\xampp\htdocs\rekweb2020_183040035_ci4app\ci4app\vendor\codeigniter4\framework\system\CodeIgniter.php(918): App\Controllers\Pages->contact()
#5 C:\xampp\htdocs\rekweb2020_183040035_ci4app\ci4app\vendor\codeigniter4\framework\system\CodeIgniter.php(404): CodeIgniter\CodeIgniter->runController(Object(App\Controllers\Pages))
#6 C:\xampp\htdocs\rekweb2020_183040035_ci4app\ci4app\vendor\codeigniter4\framework\system\CodeIgniter.php(312): CodeIgniter\CodeIgniter->handleRequest(NULL, Object(Config\Cache), false)
#7 C:\xampp\htdocs\rekweb2020_183040035_ci4app\ci4app\public\index.php(45): CodeIgniter\CodeIgniter->run()
#8 C:\xampp\htdocs\rekweb2020_183040035_ci4app\ci4app\vendor\codeigniter4\framework\system\Commands\Server\rewrite.php(34): require_once('C:\\xampp\\htdocs...')
#9 {main}
CRITICAL - 2020-10-10 10:29:45 --> Undefined variable: endSection
#0 C:\xampp\htdocs\rekweb2020_183040035_ci4app\ci4app\app\Views\pages\contact.php(11): CodeIgniter\Debug\Exceptions->errorHandler(8, 'Undefined varia...', 'C:\\xampp\\htdocs...', 11, Array)
#1 C:\xampp\htdocs\rekweb2020_183040035_ci4app\ci4app\vendor\codeigniter4\framework\system\View\View.php(246): include('C:\\xampp\\htdocs...')
#2 C:\xampp\htdocs\rekweb2020_183040035_ci4app\ci4app\vendor\codeigniter4\framework\system\Common.php(1119): CodeIgniter\View\View->render('pages/contact', Array, true)
#3 C:\xampp\htdocs\rekweb2020_183040035_ci4app\ci4app\app\Controllers\Pages.php(28): view('pages/contact', Array)
#4 C:\xampp\htdocs\rekweb2020_183040035_ci4app\ci4app\vendor\codeigniter4\framework\system\CodeIgniter.php(918): App\Controllers\Pages->contact()
#5 C:\xampp\htdocs\rekweb2020_183040035_ci4app\ci4app\vendor\codeigniter4\framework\system\CodeIgniter.php(404): CodeIgniter\CodeIgniter->runController(Object(App\Controllers\Pages))
#6 C:\xampp\htdocs\rekweb2020_183040035_ci4app\ci4app\vendor\codeigniter4\framework\system\CodeIgniter.php(312): CodeIgniter\CodeIgniter->handleRequest(NULL, Object(Config\Cache), false)
#7 C:\xampp\htdocs\rekweb2020_183040035_ci4app\ci4app\public\index.php(45): CodeIgniter\CodeIgniter->run()
#8 C:\xampp\htdocs\rekweb2020_183040035_ci4app\ci4app\vendor\codeigniter4\framework\system\Commands\Server\rewrite.php(34): require_once('C:\\xampp\\htdocs...')
#9 {main}
CRITICAL - 2020-10-10 10:29:57 --> Undefined variable: endSection
#0 C:\xampp\htdocs\rekweb2020_183040035_ci4app\ci4app\app\Views\pages\contact.php(11): CodeIgniter\Debug\Exceptions->errorHandler(8, 'Undefined varia...', 'C:\\xampp\\htdocs...', 11, Array)
#1 C:\xampp\htdocs\rekweb2020_183040035_ci4app\ci4app\vendor\codeigniter4\framework\system\View\View.php(246): include('C:\\xampp\\htdocs...')
#2 C:\xampp\htdocs\rekweb2020_183040035_ci4app\ci4app\vendor\codeigniter4\framework\system\Common.php(1119): CodeIgniter\View\View->render('pages/contact', Array, true)
#3 C:\xampp\htdocs\rekweb2020_183040035_ci4app\ci4app\app\Controllers\Pages.php(28): view('pages/contact', Array)
#4 C:\xampp\htdocs\rekweb2020_183040035_ci4app\ci4app\vendor\codeigniter4\framework\system\CodeIgniter.php(918): App\Controllers\Pages->contact()
#5 C:\xampp\htdocs\rekweb2020_183040035_ci4app\ci4app\vendor\codeigniter4\framework\system\CodeIgniter.php(404): CodeIgniter\CodeIgniter->runController(Object(App\Controllers\Pages))
#6 C:\xampp\htdocs\rekweb2020_183040035_ci4app\ci4app\vendor\codeigniter4\framework\system\CodeIgniter.php(312): CodeIgniter\CodeIgniter->handleRequest(NULL, Object(Config\Cache), false)
#7 C:\xampp\htdocs\rekweb2020_183040035_ci4app\ci4app\public\index.php(45): CodeIgniter\CodeIgniter->run()
#8 C:\xampp\htdocs\rekweb2020_183040035_ci4app\ci4app\vendor\codeigniter4\framework\system\Commands\Server\rewrite.php(34): require_once('C:\\xampp\\htdocs...')
#9 {main}
CRITICAL - 2020-10-10 10:30:09 --> Undefined variable: endSection
#0 C:\xampp\htdocs\rekweb2020_183040035_ci4app\ci4app\app\Views\pages\contact.php(11): CodeIgniter\Debug\Exceptions->errorHandler(8, 'Undefined varia...', 'C:\\xampp\\htdocs...', 11, Array)
#1 C:\xampp\htdocs\rekweb2020_183040035_ci4app\ci4app\vendor\codeigniter4\framework\system\View\View.php(246): include('C:\\xampp\\htdocs...')
#2 C:\xampp\htdocs\rekweb2020_183040035_ci4app\ci4app\vendor\codeigniter4\framework\system\Common.php(1119): CodeIgniter\View\View->render('pages/contact', Array, true)
#3 C:\xampp\htdocs\rekweb2020_183040035_ci4app\ci4app\app\Controllers\Pages.php(28): view('pages/contact', Array)
#4 C:\xampp\htdocs\rekweb2020_183040035_ci4app\ci4app\vendor\codeigniter4\framework\system\CodeIgniter.php(918): App\Controllers\Pages->contact()
#5 C:\xampp\htdocs\rekweb2020_183040035_ci4app\ci4app\vendor\codeigniter4\framework\system\CodeIgniter.php(404): CodeIgniter\CodeIgniter->runController(Object(App\Controllers\Pages))
#6 C:\xampp\htdocs\rekweb2020_183040035_ci4app\ci4app\vendor\codeigniter4\framework\system\CodeIgniter.php(312): CodeIgniter\CodeIgniter->handleRequest(NULL, Object(Config\Cache), false)
#7 C:\xampp\htdocs\rekweb2020_183040035_ci4app\ci4app\public\index.php(45): CodeIgniter\CodeIgniter->run()
#8 C:\xampp\htdocs\rekweb2020_183040035_ci4app\ci4app\vendor\codeigniter4\framework\system\Commands\Server\rewrite.php(34): require_once('C:\\xampp\\htdocs...')
#9 {main}
CRITICAL - 2020-10-10 10:30:11 --> Undefined variable: endSection
#0 C:\xampp\htdocs\rekweb2020_183040035_ci4app\ci4app\app\Views\pages\about.php(12): CodeIgniter\Debug\Exceptions->errorHandler(8, 'Undefined varia...', 'C:\\xampp\\htdocs...', 12, Array)
#1 C:\xampp\htdocs\rekweb2020_183040035_ci4app\ci4app\vendor\codeigniter4\framework\system\View\View.php(246): include('C:\\xampp\\htdocs...')
#2 C:\xampp\htdocs\rekweb2020_183040035_ci4app\ci4app\vendor\codeigniter4\framework\system\Common.php(1119): CodeIgniter\View\View->render('pages/about', Array, true)
#3 C:\xampp\htdocs\rekweb2020_183040035_ci4app\ci4app\app\Controllers\Pages.php(20): view('pages/about', Array)
#4 C:\xampp\htdocs\rekweb2020_183040035_ci4app\ci4app\vendor\codeigniter4\framework\system\CodeIgniter.php(918): App\Controllers\Pages->about()
#5 C:\xampp\htdocs\rekweb2020_183040035_ci4app\ci4app\vendor\codeigniter4\framework\system\CodeIgniter.php(404): CodeIgniter\CodeIgniter->runController(Object(App\Controllers\Pages))
#6 C:\xampp\htdocs\rekweb2020_183040035_ci4app\ci4app\vendor\codeigniter4\framework\system\CodeIgniter.php(312): CodeIgniter\CodeIgniter->handleRequest(NULL, Object(Config\Cache), false)
#7 C:\xampp\htdocs\rekweb2020_183040035_ci4app\ci4app\public\index.php(45): CodeIgniter\CodeIgniter->run()
#8 C:\xampp\htdocs\rekweb2020_183040035_ci4app\ci4app\vendor\codeigniter4\framework\system\Commands\Server\rewrite.php(34): require_once('C:\\xampp\\htdocs...')
#9 {main}
CRITICAL - 2020-10-10 10:30:18 --> Undefined variable: endSection
#0 C:\xampp\htdocs\rekweb2020_183040035_ci4app\ci4app\app\Views\pages\about.php(12): CodeIgniter\Debug\Exceptions->errorHandler(8, 'Undefined varia...', 'C:\\xampp\\htdocs...', 12, Array)
#1 C:\xampp\htdocs\rekweb2020_183040035_ci4app\ci4app\vendor\codeigniter4\framework\system\View\View.php(246): include('C:\\xampp\\htdocs...')
#2 C:\xampp\htdocs\rekweb2020_183040035_ci4app\ci4app\vendor\codeigniter4\framework\system\Common.php(1119): CodeIgniter\View\View->render('pages/about', Array, true)
#3 C:\xampp\htdocs\rekweb2020_183040035_ci4app\ci4app\app\Controllers\Pages.php(20): view('pages/about', Array)
#4 C:\xampp\htdocs\rekweb2020_183040035_ci4app\ci4app\vendor\codeigniter4\framework\system\CodeIgniter.php(918): App\Controllers\Pages->about()
#5 C:\xampp\htdocs\rekweb2020_183040035_ci4app\ci4app\vendor\codeigniter4\framework\system\CodeIgniter.php(404): CodeIgniter\CodeIgniter->runController(Object(App\Controllers\Pages))
#6 C:\xampp\htdocs\rekweb2020_183040035_ci4app\ci4app\vendor\codeigniter4\framework\system\CodeIgniter.php(312): CodeIgniter\CodeIgniter->handleRequest(NULL, Object(Config\Cache), false)
#7 C:\xampp\htdocs\rekweb2020_183040035_ci4app\ci4app\public\index.php(45): CodeIgniter\CodeIgniter->run()
#8 C:\xampp\htdocs\rekweb2020_183040035_ci4app\ci4app\vendor\codeigniter4\framework\system\Commands\Server\rewrite.php(34): require_once('C:\\xampp\\htdocs...')
#9 {main}
CRITICAL - 2020-10-10 10:33:18 --> Undefined variable: alamat
#0 C:\xampp\htdocs\rekweb2020_183040035_ci4app\ci4app\app\Views\pages\contact.php(8): CodeIgniter\Debug\Exceptions->errorHandler(8, 'Undefined varia...', 'C:\\xampp\\htdocs...', 8, Array)
#1 C:\xampp\htdocs\rekweb2020_183040035_ci4app\ci4app\vendor\codeigniter4\framework\system\View\View.php(246): include('C:\\xampp\\htdocs...')
#2 C:\xampp\htdocs\rekweb2020_183040035_ci4app\ci4app\vendor\codeigniter4\framework\system\Common.php(1119): CodeIgniter\View\View->render('pages/contact', Array, true)
#3 C:\xampp\htdocs\rekweb2020_183040035_ci4app\ci4app\app\Controllers\Pages.php(41): view('pages/contact', Array)
#4 C:\xampp\htdocs\rekweb2020_183040035_ci4app\ci4app\vendor\codeigniter4\framework\system\CodeIgniter.php(918): App\Controllers\Pages->contact()
#5 C:\xampp\htdocs\rekweb2020_183040035_ci4app\ci4app\vendor\codeigniter4\framework\system\CodeIgniter.php(404): CodeIgniter\CodeIgniter->runController(Object(App\Controllers\Pages))
#6 C:\xampp\htdocs\rekweb2020_183040035_ci4app\ci4app\vendor\codeigniter4\framework\system\CodeIgniter.php(312): CodeIgniter\CodeIgniter->handleRequest(NULL, Object(Config\Cache), false)
#7 C:\xampp\htdocs\rekweb2020_183040035_ci4app\ci4app\public\index.php(45): CodeIgniter\CodeIgniter->run()
#8 C:\xampp\htdocs\rekweb2020_183040035_ci4app\ci4app\vendor\codeigniter4\framework\system\Commands\Server\rewrite.php(34): require_once('C:\\xampp\\htdocs...')
#9 {main}
CRITICAL - 2020-10-10 10:34:18 --> Invalid file: navbar.php
#0 C:\xampp\htdocs\rekweb2020_183040035_ci4app\ci4app\vendor\codeigniter4\framework\system\View\View.php(228): CodeIgniter\Exceptions\FrameworkException::forInvalidFile('navbar.php')
#1 C:\xampp\htdocs\rekweb2020_183040035_ci4app\ci4app\vendor\codeigniter4\framework\system\View\View.php(525): CodeIgniter\View\View->render('navbar', NULL, true)
#2 C:\xampp\htdocs\rekweb2020_183040035_ci4app\ci4app\app\Views\layout\template.php(17): CodeIgniter\View\View->include('navbar')
#3 C:\xampp\htdocs\rekweb2020_183040035_ci4app\ci4app\vendor\codeigniter4\framework\system\View\View.php(246): include('C:\\xampp\\htdocs...')
#4 C:\xampp\htdocs\rekweb2020_183040035_ci4app\ci4app\vendor\codeigniter4\framework\system\View\View.php(257): CodeIgniter\View\View->render('layout/template', Array, true)
#5 C:\xampp\htdocs\rekweb2020_183040035_ci4app\ci4app\vendor\codeigniter4\framework\system\Common.php(1119): CodeIgniter\View\View->render('pages/contact', Array, true)
#6 C:\xampp\htdocs\rekweb2020_183040035_ci4app\ci4app\app\Controllers\Pages.php(41): view('pages/contact', Array)
#7 C:\xampp\htdocs\rekweb2020_183040035_ci4app\ci4app\vendor\codeigniter4\framework\system\CodeIgniter.php(918): App\Controllers\Pages->contact()
#8 C:\xampp\htdocs\rekweb2020_183040035_ci4app\ci4app\vendor\codeigniter4\framework\system\CodeIgniter.php(404): CodeIgniter\CodeIgniter->runController(Object(App\Controllers\Pages))
#9 C:\xampp\htdocs\rekweb2020_183040035_ci4app\ci4app\vendor\codeigniter4\framework\system\CodeIgniter.php(312): CodeIgniter\CodeIgniter->handleRequest(NULL, Object(Config\Cache), false)
#10 C:\xampp\htdocs\rekweb2020_183040035_ci4app\ci4app\public\index.php(45): CodeIgniter\CodeIgniter->run()
#11 C:\xampp\htdocs\rekweb2020_183040035_ci4app\ci4app\vendor\codeigniter4\framework\system\Commands\Server\rewrite.php(34): require_once('C:\\xampp\\htdocs...')
#12 {main}
