CRITICAL - 2020-12-10 05:58:42 --> Undefined variable: BASE_URL
#0 C:\xampp\htdocs\RekWeb\Praktikum\Tubes\Elektropedia\app\Views\layout\navbar.php(30): CodeIgniter\Debug\Exceptions->errorHandler(8, 'Undefined varia...', 'C:\\xampp\\htdocs...', 30, Array)
#1 C:\xampp\htdocs\RekWeb\Praktikum\Tubes\Elektropedia\vendor\codeigniter4\framework\system\View\View.php(246): include('C:\\xampp\\htdocs...')
#2 C:\xampp\htdocs\RekWeb\Praktikum\Tubes\Elektropedia\vendor\codeigniter4\framework\system\View\View.php(525): CodeIgniter\View\View->render('layout/navbar', NULL, true)
#3 C:\xampp\htdocs\RekWeb\Praktikum\Tubes\Elektropedia\app\Views\layout\template.php(17): CodeIgniter\View\View->include('layout/navbar')
#4 C:\xampp\htdocs\RekWeb\Praktikum\Tubes\Elektropedia\vendor\codeigniter4\framework\system\View\View.php(246): include('C:\\xampp\\htdocs...')
#5 C:\xampp\htdocs\RekWeb\Praktikum\Tubes\Elektropedia\vendor\codeigniter4\framework\system\View\View.php(257): CodeIgniter\View\View->render('layout/template', Array, true)
#6 C:\xampp\htdocs\RekWeb\Praktikum\Tubes\Elektropedia\vendor\codeigniter4\framework\system\Common.php(1119): CodeIgniter\View\View->render('pages/home', Array, true)
#7 C:\xampp\htdocs\RekWeb\Praktikum\Tubes\Elektropedia\app\Controllers\Pages.php(12): view('pages/home', Array)
#8 C:\xampp\htdocs\RekWeb\Praktikum\Tubes\Elektropedia\vendor\codeigniter4\framework\system\CodeIgniter.php(918): App\Controllers\Pages->index()
#9 C:\xampp\htdocs\RekWeb\Praktikum\Tubes\Elektropedia\vendor\codeigniter4\framework\system\CodeIgniter.php(404): CodeIgniter\CodeIgniter->runController(Object(App\Controllers\Pages))
#10 C:\xampp\htdocs\RekWeb\Praktikum\Tubes\Elektropedia\vendor\codeigniter4\framework\system\CodeIgniter.php(312): CodeIgniter\CodeIgniter->handleRequest(NULL, Object(Config\Cache), false)
#11 C:\xampp\htdocs\RekWeb\Praktikum\Tubes\Elektropedia\public\index.php(45): CodeIgniter\CodeIgniter->run()
#12 C:\xampp\htdocs\RekWeb\Praktikum\Tubes\Elektropedia\vendor\codeigniter4\framework\system\Commands\Server\rewrite.php(34): require_once('C:\\xampp\\htdocs...')
#13 {main}
CRITICAL - 2020-12-10 05:58:49 --> Undefined variable: BASE_URL
#0 C:\xampp\htdocs\RekWeb\Praktikum\Tubes\Elektropedia\app\Views\layout\navbar.php(30): CodeIgniter\Debug\Exceptions->errorHandler(8, 'Undefined varia...', 'C:\\xampp\\htdocs...', 30, Array)
#1 C:\xampp\htdocs\RekWeb\Praktikum\Tubes\Elektropedia\vendor\codeigniter4\framework\system\View\View.php(246): include('C:\\xampp\\htdocs...')
#2 C:\xampp\htdocs\RekWeb\Praktikum\Tubes\Elektropedia\vendor\codeigniter4\framework\system\View\View.php(525): CodeIgniter\View\View->render('layout/navbar', NULL, true)
#3 C:\xampp\htdocs\RekWeb\Praktikum\Tubes\Elektropedia\app\Views\layout\template.php(17): CodeIgniter\View\View->include('layout/navbar')
#4 C:\xampp\htdocs\RekWeb\Praktikum\Tubes\Elektropedia\vendor\codeigniter4\framework\system\View\View.php(246): include('C:\\xampp\\htdocs...')
#5 C:\xampp\htdocs\RekWeb\Praktikum\Tubes\Elektropedia\vendor\codeigniter4\framework\system\View\View.php(257): CodeIgniter\View\View->render('layout/template', Array, true)
#6 C:\xampp\htdocs\RekWeb\Praktikum\Tubes\Elektropedia\vendor\codeigniter4\framework\system\Common.php(1119): CodeIgniter\View\View->render('pages/home', Array, true)
#7 C:\xampp\htdocs\RekWeb\Praktikum\Tubes\Elektropedia\app\Controllers\Pages.php(12): view('pages/home', Array)
#8 C:\xampp\htdocs\RekWeb\Praktikum\Tubes\Elektropedia\vendor\codeigniter4\framework\system\CodeIgniter.php(918): App\Controllers\Pages->index()
#9 C:\xampp\htdocs\RekWeb\Praktikum\Tubes\Elektropedia\vendor\codeigniter4\framework\system\CodeIgniter.php(404): CodeIgniter\CodeIgniter->runController(Object(App\Controllers\Pages))
#10 C:\xampp\htdocs\RekWeb\Praktikum\Tubes\Elektropedia\vendor\codeigniter4\framework\system\CodeIgniter.php(312): CodeIgniter\CodeIgniter->handleRequest(NULL, Object(Config\Cache), false)
#11 C:\xampp\htdocs\RekWeb\Praktikum\Tubes\Elektropedia\public\index.php(45): CodeIgniter\CodeIgniter->run()
#12 C:\xampp\htdocs\RekWeb\Praktikum\Tubes\Elektropedia\vendor\codeigniter4\framework\system\Commands\Server\rewrite.php(34): require_once('C:\\xampp\\htdocs...')
#13 {main}
