CRITICAL - 2020-10-23 01:29:07 --> Undefined variable: kp
#0 C:\xampp\htdocs\rekweb2020_183040035_ci4app\ci4app\app\Views\comic\index.php(22): CodeIgniter\Debug\Exceptions->errorHandler(8, 'Undefined varia...', 'C:\\xampp\\htdocs...', 22, Array)
#1 C:\xampp\htdocs\rekweb2020_183040035_ci4app\ci4app\vendor\codeigniter4\framework\system\View\View.php(246): include('C:\\xampp\\htdocs...')
#2 C:\xampp\htdocs\rekweb2020_183040035_ci4app\ci4app\vendor\codeigniter4\framework\system\Common.php(1119): CodeIgniter\View\View->render('comic/index', Array, true)
#3 C:\xampp\htdocs\rekweb2020_183040035_ci4app\ci4app\app\Controllers\Comics.php(27): view('comic/index', Array)
#4 C:\xampp\htdocs\rekweb2020_183040035_ci4app\ci4app\vendor\codeigniter4\framework\system\CodeIgniter.php(918): App\Controllers\Comics->index()
#5 C:\xampp\htdocs\rekweb2020_183040035_ci4app\ci4app\vendor\codeigniter4\framework\system\CodeIgniter.php(404): CodeIgniter\CodeIgniter->runController(Object(App\Controllers\Comics))
#6 C:\xampp\htdocs\rekweb2020_183040035_ci4app\ci4app\vendor\codeigniter4\framework\system\CodeIgniter.php(312): CodeIgniter\CodeIgniter->handleRequest(NULL, Object(Config\Cache), false)
#7 C:\xampp\htdocs\rekweb2020_183040035_ci4app\ci4app\public\index.php(45): CodeIgniter\CodeIgniter->run()
#8 C:\xampp\htdocs\rekweb2020_183040035_ci4app\ci4app\vendor\codeigniter4\framework\system\Commands\Server\rewrite.php(34): require_once('C:\\xampp\\htdocs...')
#9 {main}
CRITICAL - 2020-10-23 01:37:04 --> Undefined index: slug
#0 C:\xampp\htdocs\rekweb2020_183040035_ci4app\ci4app\app\Views\comic\index.php(24): CodeIgniter\Debug\Exceptions->errorHandler(8, 'Undefined index...', 'C:\\xampp\\htdocs...', 24, Array)
#1 C:\xampp\htdocs\rekweb2020_183040035_ci4app\ci4app\vendor\codeigniter4\framework\system\View\View.php(246): include('C:\\xampp\\htdocs...')
#2 C:\xampp\htdocs\rekweb2020_183040035_ci4app\ci4app\vendor\codeigniter4\framework\system\Common.php(1119): CodeIgniter\View\View->render('comic/index', Array, true)
#3 C:\xampp\htdocs\rekweb2020_183040035_ci4app\ci4app\app\Controllers\Comics.php(27): view('comic/index', Array)
#4 C:\xampp\htdocs\rekweb2020_183040035_ci4app\ci4app\vendor\codeigniter4\framework\system\CodeIgniter.php(918): App\Controllers\Comics->index()
#5 C:\xampp\htdocs\rekweb2020_183040035_ci4app\ci4app\vendor\codeigniter4\framework\system\CodeIgniter.php(404): CodeIgniter\CodeIgniter->runController(Object(App\Controllers\Comics))
#6 C:\xampp\htdocs\rekweb2020_183040035_ci4app\ci4app\vendor\codeigniter4\framework\system\CodeIgniter.php(312): CodeIgniter\CodeIgniter->handleRequest(NULL, Object(Config\Cache), false)
#7 C:\xampp\htdocs\rekweb2020_183040035_ci4app\ci4app\public\index.php(45): CodeIgniter\CodeIgniter->run()
#8 C:\xampp\htdocs\rekweb2020_183040035_ci4app\ci4app\vendor\codeigniter4\framework\system\Commands\Server\rewrite.php(34): require_once('C:\\xampp\\htdocs...')
#9 {main}
CRITICAL - 2020-10-23 01:57:17 --> syntax error, unexpected ';', expecting ']'
#0 C:\xampp\htdocs\rekweb2020_183040035_ci4app\ci4app\vendor\codeigniter4\framework\system\Autoloader\Autoloader.php(296): CodeIgniter\Autoloader\Autoloader->requireFile('C:\\xampp\\htdocs...')
#1 C:\xampp\htdocs\rekweb2020_183040035_ci4app\ci4app\vendor\codeigniter4\framework\system\Autoloader\Autoloader.php(258): CodeIgniter\Autoloader\Autoloader->loadInNamespace('App\\Controllers...')
#2 [internal function]: CodeIgniter\Autoloader\Autoloader->loadClass('App\\Controllers...')
#3 [internal function]: spl_autoload_call('App\\Controllers...')
#4 C:\xampp\htdocs\rekweb2020_183040035_ci4app\ci4app\vendor\codeigniter4\framework\system\CodeIgniter.php(869): class_exists('\\App\\Controller...', true)
#5 C:\xampp\htdocs\rekweb2020_183040035_ci4app\ci4app\vendor\codeigniter4\framework\system\CodeIgniter.php(394): CodeIgniter\CodeIgniter->startController()
#6 C:\xampp\htdocs\rekweb2020_183040035_ci4app\ci4app\vendor\codeigniter4\framework\system\CodeIgniter.php(312): CodeIgniter\CodeIgniter->handleRequest(NULL, Object(Config\Cache), false)
#7 C:\xampp\htdocs\rekweb2020_183040035_ci4app\ci4app\public\index.php(45): CodeIgniter\CodeIgniter->run()
#8 C:\xampp\htdocs\rekweb2020_183040035_ci4app\ci4app\vendor\codeigniter4\framework\system\Commands\Server\rewrite.php(34): require_once('C:\\xampp\\htdocs...')
#9 {main}
CRITICAL - 2020-10-23 01:57:41 --> Trying to access array offset on value of type null
#0 C:\xampp\htdocs\rekweb2020_183040035_ci4app\ci4app\app\Views\comic\detail.php(7): CodeIgniter\Debug\Exceptions->errorHandler(8, 'Trying to acces...', 'C:\\xampp\\htdocs...', 7, Array)
#1 C:\xampp\htdocs\rekweb2020_183040035_ci4app\ci4app\vendor\codeigniter4\framework\system\View\View.php(246): include('C:\\xampp\\htdocs...')
#2 C:\xampp\htdocs\rekweb2020_183040035_ci4app\ci4app\vendor\codeigniter4\framework\system\Common.php(1119): CodeIgniter\View\View->render('comic/detail', Array, true)
#3 C:\xampp\htdocs\rekweb2020_183040035_ci4app\ci4app\app\Controllers\Comics.php(37): view('comic/detail', Array)
#4 C:\xampp\htdocs\rekweb2020_183040035_ci4app\ci4app\vendor\codeigniter4\framework\system\CodeIgniter.php(918): App\Controllers\Comics->detail('narutocover.jpg')
#5 C:\xampp\htdocs\rekweb2020_183040035_ci4app\ci4app\vendor\codeigniter4\framework\system\CodeIgniter.php(404): CodeIgniter\CodeIgniter->runController(Object(App\Controllers\Comics))
#6 C:\xampp\htdocs\rekweb2020_183040035_ci4app\ci4app\vendor\codeigniter4\framework\system\CodeIgniter.php(312): CodeIgniter\CodeIgniter->handleRequest(NULL, Object(Config\Cache), false)
#7 C:\xampp\htdocs\rekweb2020_183040035_ci4app\ci4app\public\index.php(45): CodeIgniter\CodeIgniter->run()
#8 C:\xampp\htdocs\rekweb2020_183040035_ci4app\ci4app\vendor\codeigniter4\framework\system\Commands\Server\rewrite.php(34): require_once('C:\\xampp\\htdocs...')
#9 {main}
CRITICAL - 2020-10-23 03:33:29 --> syntax error, unexpected '}', expecting ';'
#0 C:\xampp\htdocs\rekweb2020_183040035_ci4app\ci4app\vendor\codeigniter4\framework\system\Router\Router.php(195): CodeIgniter\Router\Router->autoRoute('comics')
#1 C:\xampp\htdocs\rekweb2020_183040035_ci4app\ci4app\vendor\codeigniter4\framework\system\CodeIgniter.php(793): CodeIgniter\Router\Router->handle('comics')
#2 C:\xampp\htdocs\rekweb2020_183040035_ci4app\ci4app\vendor\codeigniter4\framework\system\CodeIgniter.php(364): CodeIgniter\CodeIgniter->tryToRouteIt(Object(CodeIgniter\Router\RouteCollection))
#3 C:\xampp\htdocs\rekweb2020_183040035_ci4app\ci4app\vendor\codeigniter4\framework\system\CodeIgniter.php(312): CodeIgniter\CodeIgniter->handleRequest(NULL, Object(Config\Cache), false)
#4 C:\xampp\htdocs\rekweb2020_183040035_ci4app\ci4app\public\index.php(45): CodeIgniter\CodeIgniter->run()
#5 C:\xampp\htdocs\rekweb2020_183040035_ci4app\ci4app\vendor\codeigniter4\framework\system\Commands\Server\rewrite.php(34): require_once('C:\\xampp\\htdocs...')
#6 {main}
CRITICAL - 2020-10-23 03:35:00 --> Allowed fields must be specified for model: App\Models\KomikModel
#0 C:\xampp\htdocs\rekweb2020_183040035_ci4app\ci4app\vendor\codeigniter4\framework\system\Model.php(1265): CodeIgniter\Database\Exceptions\DataException::forInvalidAllowedFields('App\\Models\\Komi...')
#1 C:\xampp\htdocs\rekweb2020_183040035_ci4app\ci4app\vendor\codeigniter4\framework\system\Model.php(735): CodeIgniter\Model->doProtectFields(Array)
#2 C:\xampp\htdocs\rekweb2020_183040035_ci4app\ci4app\vendor\codeigniter4\framework\system\Model.php(574): CodeIgniter\Model->insert(Array, false)
#3 C:\xampp\htdocs\rekweb2020_183040035_ci4app\ci4app\app\Controllers\Comics.php(62): CodeIgniter\Model->save(Array)
#4 C:\xampp\htdocs\rekweb2020_183040035_ci4app\ci4app\vendor\codeigniter4\framework\system\CodeIgniter.php(918): App\Controllers\Comics->save()
#5 C:\xampp\htdocs\rekweb2020_183040035_ci4app\ci4app\vendor\codeigniter4\framework\system\CodeIgniter.php(404): CodeIgniter\CodeIgniter->runController(Object(App\Controllers\Comics))
#6 C:\xampp\htdocs\rekweb2020_183040035_ci4app\ci4app\vendor\codeigniter4\framework\system\CodeIgniter.php(312): CodeIgniter\CodeIgniter->handleRequest(NULL, Object(Config\Cache), false)
#7 C:\xampp\htdocs\rekweb2020_183040035_ci4app\ci4app\public\index.php(45): CodeIgniter\CodeIgniter->run()
#8 C:\xampp\htdocs\rekweb2020_183040035_ci4app\ci4app\vendor\codeigniter4\framework\system\Commands\Server\rewrite.php(34): require_once('C:\\xampp\\htdocs...')
#9 {main}
CRITICAL - 2020-10-23 03:53:27 --> Call to undefined method CodeIgniter\Validation\Validation::listError()
#0 C:\xampp\htdocs\rekweb2020_183040035_ci4app\ci4app\vendor\codeigniter4\framework\system\View\View.php(246): include()
#1 C:\xampp\htdocs\rekweb2020_183040035_ci4app\ci4app\vendor\codeigniter4\framework\system\Common.php(1119): CodeIgniter\View\View->render('comic/create', Array, true)
#2 C:\xampp\htdocs\rekweb2020_183040035_ci4app\ci4app\app\Controllers\Comics.php(53): view('comic/create', Array)
#3 C:\xampp\htdocs\rekweb2020_183040035_ci4app\ci4app\vendor\codeigniter4\framework\system\CodeIgniter.php(918): App\Controllers\Comics->create()
#4 C:\xampp\htdocs\rekweb2020_183040035_ci4app\ci4app\vendor\codeigniter4\framework\system\CodeIgniter.php(404): CodeIgniter\CodeIgniter->runController(Object(App\Controllers\Comics))
#5 C:\xampp\htdocs\rekweb2020_183040035_ci4app\ci4app\vendor\codeigniter4\framework\system\CodeIgniter.php(312): CodeIgniter\CodeIgniter->handleRequest(NULL, Object(Config\Cache), false)
#6 C:\xampp\htdocs\rekweb2020_183040035_ci4app\ci4app\public\index.php(45): CodeIgniter\CodeIgniter->run()
#7 C:\xampp\htdocs\rekweb2020_183040035_ci4app\ci4app\vendor\codeigniter4\framework\system\Commands\Server\rewrite.php(34): require_once('C:\\xampp\\htdocs...')
#8 {main}
CRITICAL - 2020-10-23 03:53:30 --> Call to undefined method CodeIgniter\Validation\Validation::listError()
#0 C:\xampp\htdocs\rekweb2020_183040035_ci4app\ci4app\vendor\codeigniter4\framework\system\View\View.php(246): include()
#1 C:\xampp\htdocs\rekweb2020_183040035_ci4app\ci4app\vendor\codeigniter4\framework\system\Common.php(1119): CodeIgniter\View\View->render('comic/create', Array, true)
#2 C:\xampp\htdocs\rekweb2020_183040035_ci4app\ci4app\app\Controllers\Comics.php(53): view('comic/create', Array)
#3 C:\xampp\htdocs\rekweb2020_183040035_ci4app\ci4app\vendor\codeigniter4\framework\system\CodeIgniter.php(918): App\Controllers\Comics->create()
#4 C:\xampp\htdocs\rekweb2020_183040035_ci4app\ci4app\vendor\codeigniter4\framework\system\CodeIgniter.php(404): CodeIgniter\CodeIgniter->runController(Object(App\Controllers\Comics))
#5 C:\xampp\htdocs\rekweb2020_183040035_ci4app\ci4app\vendor\codeigniter4\framework\system\CodeIgniter.php(312): CodeIgniter\CodeIgniter->handleRequest(NULL, Object(Config\Cache), false)
#6 C:\xampp\htdocs\rekweb2020_183040035_ci4app\ci4app\public\index.php(45): CodeIgniter\CodeIgniter->run()
#7 C:\xampp\htdocs\rekweb2020_183040035_ci4app\ci4app\vendor\codeigniter4\framework\system\Commands\Server\rewrite.php(34): require_once('C:\\xampp\\htdocs...')
#8 {main}
CRITICAL - 2020-10-23 06:47:32 --> Undefined variable: csrf_field
#0 C:\xampp\htdocs\rekweb2020_183040035_ci4app\ci4app\app\Views\comic\detail.php(20): CodeIgniter\Debug\Exceptions->errorHandler(8, 'Undefined varia...', 'C:\\xampp\\htdocs...', 20, Array)
#1 C:\xampp\htdocs\rekweb2020_183040035_ci4app\ci4app\vendor\codeigniter4\framework\system\View\View.php(246): include('C:\\xampp\\htdocs...')
#2 C:\xampp\htdocs\rekweb2020_183040035_ci4app\ci4app\vendor\codeigniter4\framework\system\Common.php(1119): CodeIgniter\View\View->render('comic/detail', Array, true)
#3 C:\xampp\htdocs\rekweb2020_183040035_ci4app\ci4app\app\Controllers\Comics.php(42): view('comic/detail', Array)
#4 C:\xampp\htdocs\rekweb2020_183040035_ci4app\ci4app\vendor\codeigniter4\framework\system\CodeIgniter.php(918): App\Controllers\Comics->detail('naruto')
#5 C:\xampp\htdocs\rekweb2020_183040035_ci4app\ci4app\vendor\codeigniter4\framework\system\CodeIgniter.php(404): CodeIgniter\CodeIgniter->runController(Object(App\Controllers\Comics))
#6 C:\xampp\htdocs\rekweb2020_183040035_ci4app\ci4app\vendor\codeigniter4\framework\system\CodeIgniter.php(312): CodeIgniter\CodeIgniter->handleRequest(NULL, Object(Config\Cache), false)
#7 C:\xampp\htdocs\rekweb2020_183040035_ci4app\ci4app\public\index.php(45): CodeIgniter\CodeIgniter->run()
#8 C:\xampp\htdocs\rekweb2020_183040035_ci4app\ci4app\vendor\codeigniter4\framework\system\Commands\Server\rewrite.php(34): require_once('C:\\xampp\\htdocs...')
#9 {main}
CRITICAL - 2020-10-23 06:47:53 --> Undefined variable: csrf_field
#0 C:\xampp\htdocs\rekweb2020_183040035_ci4app\ci4app\app\Views\comic\detail.php(20): CodeIgniter\Debug\Exceptions->errorHandler(8, 'Undefined varia...', 'C:\\xampp\\htdocs...', 20, Array)
#1 C:\xampp\htdocs\rekweb2020_183040035_ci4app\ci4app\vendor\codeigniter4\framework\system\View\View.php(246): include('C:\\xampp\\htdocs...')
#2 C:\xampp\htdocs\rekweb2020_183040035_ci4app\ci4app\vendor\codeigniter4\framework\system\Common.php(1119): CodeIgniter\View\View->render('comic/detail', Array, true)
#3 C:\xampp\htdocs\rekweb2020_183040035_ci4app\ci4app\app\Controllers\Comics.php(42): view('comic/detail', Array)
#4 C:\xampp\htdocs\rekweb2020_183040035_ci4app\ci4app\vendor\codeigniter4\framework\system\CodeIgniter.php(918): App\Controllers\Comics->detail('naruto')
#5 C:\xampp\htdocs\rekweb2020_183040035_ci4app\ci4app\vendor\codeigniter4\framework\system\CodeIgniter.php(404): CodeIgniter\CodeIgniter->runController(Object(App\Controllers\Comics))
#6 C:\xampp\htdocs\rekweb2020_183040035_ci4app\ci4app\vendor\codeigniter4\framework\system\CodeIgniter.php(312): CodeIgniter\CodeIgniter->handleRequest(NULL, Object(Config\Cache), false)
#7 C:\xampp\htdocs\rekweb2020_183040035_ci4app\ci4app\public\index.php(45): CodeIgniter\CodeIgniter->run()
#8 C:\xampp\htdocs\rekweb2020_183040035_ci4app\ci4app\vendor\codeigniter4\framework\system\Commands\Server\rewrite.php(34): require_once('C:\\xampp\\htdocs...')
#9 {main}
CRITICAL - 2020-10-23 06:48:23 --> Undefined variable: csrf_field
#0 C:\xampp\htdocs\rekweb2020_183040035_ci4app\ci4app\app\Views\comic\detail.php(20): CodeIgniter\Debug\Exceptions->errorHandler(8, 'Undefined varia...', 'C:\\xampp\\htdocs...', 20, Array)
#1 C:\xampp\htdocs\rekweb2020_183040035_ci4app\ci4app\vendor\codeigniter4\framework\system\View\View.php(246): include('C:\\xampp\\htdocs...')
#2 C:\xampp\htdocs\rekweb2020_183040035_ci4app\ci4app\vendor\codeigniter4\framework\system\Common.php(1119): CodeIgniter\View\View->render('comic/detail', Array, true)
#3 C:\xampp\htdocs\rekweb2020_183040035_ci4app\ci4app\app\Controllers\Comics.php(42): view('comic/detail', Array)
#4 C:\xampp\htdocs\rekweb2020_183040035_ci4app\ci4app\vendor\codeigniter4\framework\system\CodeIgniter.php(918): App\Controllers\Comics->detail('naruto')
#5 C:\xampp\htdocs\rekweb2020_183040035_ci4app\ci4app\vendor\codeigniter4\framework\system\CodeIgniter.php(404): CodeIgniter\CodeIgniter->runController(Object(App\Controllers\Comics))
#6 C:\xampp\htdocs\rekweb2020_183040035_ci4app\ci4app\vendor\codeigniter4\framework\system\CodeIgniter.php(312): CodeIgniter\CodeIgniter->handleRequest(NULL, Object(Config\Cache), false)
#7 C:\xampp\htdocs\rekweb2020_183040035_ci4app\ci4app\public\index.php(45): CodeIgniter\CodeIgniter->run()
#8 C:\xampp\htdocs\rekweb2020_183040035_ci4app\ci4app\vendor\codeigniter4\framework\system\Commands\Server\rewrite.php(34): require_once('C:\\xampp\\htdocs...')
#9 {main}
CRITICAL - 2020-10-23 06:49:04 --> Class Home does not exist
#0 C:\xampp\htdocs\rekweb2020_183040035_ci4app\ci4app\vendor\codeigniter4\framework\system\Debug\Toolbar\Collectors\Routes.php(107): ReflectionMethod->__construct('Home', '_remap')
#1 C:\xampp\htdocs\rekweb2020_183040035_ci4app\ci4app\vendor\codeigniter4\framework\system\Debug\Toolbar\Collectors\BaseCollector.php(307): CodeIgniter\Debug\Toolbar\Collectors\Routes->display()
#2 C:\xampp\htdocs\rekweb2020_183040035_ci4app\ci4app\vendor\codeigniter4\framework\system\Debug\Toolbar.php(128): CodeIgniter\Debug\Toolbar\Collectors\BaseCollector->getAsArray()
#3 C:\xampp\htdocs\rekweb2020_183040035_ci4app\ci4app\vendor\codeigniter4\framework\system\Debug\Toolbar.php(353): CodeIgniter\Debug\Toolbar->run(1603453744.5661, 0.027, Object(CodeIgniter\HTTP\IncomingRequest), Object(CodeIgniter\HTTP\Response))
#4 C:\xampp\htdocs\rekweb2020_183040035_ci4app\ci4app\vendor\codeigniter4\framework\system\Filters\DebugToolbar.php(78): CodeIgniter\Debug\Toolbar->prepare(Object(CodeIgniter\HTTP\IncomingRequest), Object(CodeIgniter\HTTP\Response))
#5 C:\xampp\htdocs\rekweb2020_183040035_ci4app\ci4app\vendor\codeigniter4\framework\system\Filters\Filters.php(199): CodeIgniter\Filters\DebugToolbar->after(Object(CodeIgniter\HTTP\IncomingRequest), Object(CodeIgniter\HTTP\Response), NULL)
#6 C:\xampp\htdocs\rekweb2020_183040035_ci4app\ci4app\vendor\codeigniter4\framework\system\CodeIgniter.php(422): CodeIgniter\Filters\Filters->run('', 'after')
#7 C:\xampp\htdocs\rekweb2020_183040035_ci4app\ci4app\vendor\codeigniter4\framework\system\CodeIgniter.php(312): CodeIgniter\CodeIgniter->handleRequest(NULL, Object(Config\Cache), false)
#8 C:\xampp\htdocs\rekweb2020_183040035_ci4app\ci4app\public\index.php(45): CodeIgniter\CodeIgniter->run()
#9 {main}
CRITICAL - 2020-10-23 06:51:15 --> Undefined variable: csrf_field
#0 C:\xampp\htdocs\rekweb2020_183040035_ci4app\ci4app\app\Views\comic\detail.php(20): CodeIgniter\Debug\Exceptions->errorHandler(8, 'Undefined varia...', 'C:\\xampp\\htdocs...', 20, Array)
#1 C:\xampp\htdocs\rekweb2020_183040035_ci4app\ci4app\vendor\codeigniter4\framework\system\View\View.php(246): include('C:\\xampp\\htdocs...')
#2 C:\xampp\htdocs\rekweb2020_183040035_ci4app\ci4app\vendor\codeigniter4\framework\system\Common.php(1119): CodeIgniter\View\View->render('comic/detail', Array, true)
#3 C:\xampp\htdocs\rekweb2020_183040035_ci4app\ci4app\app\Controllers\Comics.php(42): view('comic/detail', Array)
#4 C:\xampp\htdocs\rekweb2020_183040035_ci4app\ci4app\vendor\codeigniter4\framework\system\CodeIgniter.php(918): App\Controllers\Comics->detail('naruto')
#5 C:\xampp\htdocs\rekweb2020_183040035_ci4app\ci4app\vendor\codeigniter4\framework\system\CodeIgniter.php(404): CodeIgniter\CodeIgniter->runController(Object(App\Controllers\Comics))
#6 C:\xampp\htdocs\rekweb2020_183040035_ci4app\ci4app\vendor\codeigniter4\framework\system\CodeIgniter.php(312): CodeIgniter\CodeIgniter->handleRequest(NULL, Object(Config\Cache), false)
#7 C:\xampp\htdocs\rekweb2020_183040035_ci4app\ci4app\public\index.php(45): CodeIgniter\CodeIgniter->run()
#8 C:\xampp\htdocs\rekweb2020_183040035_ci4app\ci4app\vendor\codeigniter4\framework\system\Commands\Server\rewrite.php(34): require_once('C:\\xampp\\htdocs...')
#9 {main}
CRITICAL - 2020-10-23 06:58:34 --> syntax error, unexpected ';', expecting ']'
#0 C:\xampp\htdocs\rekweb2020_183040035_ci4app\ci4app\vendor\codeigniter4\framework\system\Router\Router.php(195): CodeIgniter\Router\Router->autoRoute('komik')
#1 C:\xampp\htdocs\rekweb2020_183040035_ci4app\ci4app\vendor\codeigniter4\framework\system\CodeIgniter.php(793): CodeIgniter\Router\Router->handle('komik')
#2 C:\xampp\htdocs\rekweb2020_183040035_ci4app\ci4app\vendor\codeigniter4\framework\system\CodeIgniter.php(364): CodeIgniter\CodeIgniter->tryToRouteIt(Object(CodeIgniter\Router\RouteCollection))
#3 C:\xampp\htdocs\rekweb2020_183040035_ci4app\ci4app\vendor\codeigniter4\framework\system\CodeIgniter.php(312): CodeIgniter\CodeIgniter->handleRequest(NULL, Object(Config\Cache), false)
#4 C:\xampp\htdocs\rekweb2020_183040035_ci4app\ci4app\public\index.php(45): CodeIgniter\CodeIgniter->run()
#5 C:\xampp\htdocs\rekweb2020_183040035_ci4app\ci4app\vendor\codeigniter4\framework\system\Commands\Server\rewrite.php(34): require_once('C:\\xampp\\htdocs...')
#6 {main}
CRITICAL - 2020-10-23 21:04:54 --> Unable to connect to the database.
#0 C:\xampp\htdocs\rekweb2020_183040035_ci4app\ci4app\vendor\codeigniter4\framework\system\Database\BaseConnection.php(646): CodeIgniter\Database\BaseConnection->initialize()
#1 C:\xampp\htdocs\rekweb2020_183040035_ci4app\ci4app\vendor\codeigniter4\framework\system\Database\BaseBuilder.php(1860): CodeIgniter\Database\BaseConnection->query('SELECT *\nFROM `...', Array, false)
#2 C:\xampp\htdocs\rekweb2020_183040035_ci4app\ci4app\vendor\codeigniter4\framework\system\Model.php(462): CodeIgniter\Database\BaseBuilder->get()
#3 C:\xampp\htdocs\rekweb2020_183040035_ci4app\ci4app\app\Models\KomikModel.php(16): CodeIgniter\Model->findAll()
#4 C:\xampp\htdocs\rekweb2020_183040035_ci4app\ci4app\app\Controllers\Komik.php(19): App\Models\KomikModel->getKomik()
#5 C:\xampp\htdocs\rekweb2020_183040035_ci4app\ci4app\vendor\codeigniter4\framework\system\CodeIgniter.php(918): App\Controllers\Komik->index()
#6 C:\xampp\htdocs\rekweb2020_183040035_ci4app\ci4app\vendor\codeigniter4\framework\system\CodeIgniter.php(404): CodeIgniter\CodeIgniter->runController(Object(App\Controllers\Komik))
#7 C:\xampp\htdocs\rekweb2020_183040035_ci4app\ci4app\vendor\codeigniter4\framework\system\CodeIgniter.php(312): CodeIgniter\CodeIgniter->handleRequest(NULL, Object(Config\Cache), false)
#8 C:\xampp\htdocs\rekweb2020_183040035_ci4app\ci4app\public\index.php(45): CodeIgniter\CodeIgniter->run()
#9 C:\xampp\htdocs\rekweb2020_183040035_ci4app\ci4app\vendor\codeigniter4\framework\system\Commands\Server\rewrite.php(34): require_once('C:\\xampp\\htdocs...')
#10 {main}
